TN:
SF:/Users/richard/Projects/seneca/entity-depend/dist/entity-depend-doc.js
DA:1,1
DA:2,1
DA:3,1
DA:4,1
DA:5,1
DA:6,1
DA:7,1
DA:8,1
LF:7
LH:7
end_of_record
TN:
SF:/Users/richard/Projects/seneca/entity-depend/dist/entity-depend.js
DA:1,1
DA:2,1
DA:3,1
DA:4,1
DA:5,1
DA:6,1
DA:7,1
DA:8,1
DA:9,1
DA:10,1
DA:11,1
DA:12,1
DA:13,1
DA:14,1
DA:15,1
DA:16,1
DA:17,3
DA:18,3
DA:19,3
DA:20,1
DA:21,1
DA:22,1
DA:23,1
LF:18
LH:18
end_of_record
TN:
SF:/Users/richard/Projects/seneca/entity-depend/dist/lib/intern.js
DA:1,1
DA:2,1
DA:3,1
DA:4,1
DA:5,1
DA:6,1
DA:7,1
DA:8,1
DA:9,1
DA:10,1
DA:11,1
DA:12,0
DA:13,0
DA:14,1
DA:15,0
DA:16,11
DA:17,1
DA:18,0
DA:19,1
DA:20,1
DA:21,0
DA:22,0
DA:23,1
DA:24,11
DA:25,1
DA:26,1
DA:27,1
DA:28,1
DA:29,1
DA:30,11
DA:31,11
DA:32,1
DA:33,0
DA:34,1
DA:35,0
DA:36,0
DA:37,0
DA:38,0
DA:39,0
DA:40,1
DA:41,0
DA:42,1
DA:43,0
DA:44,0
DA:45,1
DA:46,1
DA:47,1
DA:48,0
DA:49,0
DA:50,1
DA:51,11
DA:52,1
DA:53,1
DA:54,1
DA:55,11
DA:56,1
DA:57,1
DA:58,1
DA:59,1
DA:60,1
DA:61,1
DA:62,1
DA:63,1
DA:64,1
DA:65,11
DA:66,1
DA:67,1
DA:68,11
DA:69,8
DA:70,8
DA:71,1
DA:72,0
DA:73,0
DA:74,1
DA:75,11
DA:76,1
DA:77,1
DA:78,1
DA:79,1
LF:65
LH:46
end_of_record
TN:
SF:/Users/richard/Projects/seneca/entity-depend/dist/lib/make_child_msg.js
DA:1,1
DA:2,1
DA:3,1
DA:4,1
DA:5,1
DA:6,1
DA:7,1
DA:8,1
DA:9,1
DA:10,1
DA:11,1
DA:12,11
DA:13,11
DA:14,11
DA:15,11
DA:16,11
DA:17,1
DA:18,11
DA:19,0
DA:20,0
DA:21,1
DA:22,11
DA:23,11
DA:24,0
DA:25,10
DA:26,1
DA:27,11
DA:28,10
DA:29,1
DA:30,1
DA:31,1
DA:32,10
DA:33,0
DA:34,1
DA:35,1
DA:36,1
DA:37,1
DA:38,11
DA:39,1
DA:40,8
DA:41,5
DA:42,1
DA:43,1
DA:44,1
DA:45,1
DA:46,1
DA:47,1
DA:48,1
DA:49,5
DA:50,1
DA:51,0
DA:52,5
DA:53,1
DA:54,1
DA:55,0
DA:56,1
DA:57,1
DA:58,1
DA:59,1
DA:60,11
DA:61,11
DA:62,1
DA:63,1
DA:64,11
DA:65,1
DA:66,1
DA:67,1
DA:68,1
DA:69,1
DA:70,1
DA:71,1
DA:72,1
DA:73,11
DA:74,1
DA:75,1
DA:76,1
DA:77,1
DA:78,1
DA:79,1
DA:80,1
DA:81,1
LF:69
LH:63
end_of_record
